# JRE version: OpenJDK Runtime Environment Microsoft-8035246 (17.0.8+7) (build 17.0.8+7-LTS)
# Java VM: OpenJDK 64-Bit Server VM Microsoft-8035246 (17.0.8+7-LTS, mixed mode, sharing, tiered, compressed oops, compressed class ptrs, g1 gc, windows-amd64)
GC Precious Log:
 CPUs: 8 total, 8 available
 Memory: 12196M
 Large Page Support: Disabled
 NUMA Support: Disabled
 Compressed Oops: Enabled (32-bit)
 Heap Region Size: 1M
 Heap Min Capacity: 8M
 Heap Initial Capacity: 192M
 Heap Max Capacity: 2G
 Pre-touch: Disabled
 Parallel Workers: 8
 Concurrent Workers: 2
 Concurrent Refinement Workers: 8
 Periodic GC: Disabled
Heap:
 garbage-first heap   total 126976K, used 65121K [0x0000000080000000, 0x0000000100000000)
  region size 1024K, 20 young (20480K), 5 survivors (5120K)
 Metaspace       used 50157K, committed 50752K, reserved 491520K
  class space    used 7024K, committed 7296K, reserved 425984K
GC Heap History (20 events):
Event: 0.927 GC heap before
{Heap before GC invocations=1 (full 0):
 garbage-first heap   total 196608K, used 40852K [0x0000000080000000, 0x0000000100000000)
  region size 1024K, 32 young (32768K), 3 survivors (3072K)
 Metaspace       used 3944K, committed 4096K, reserved 491520K
  class space    used 476K, committed 576K, reserved 425984K
}
Event: 0.930 GC heap after
{Heap after GC invocations=2 (full 0):
 garbage-first heap   total 196608K, used 14218K [0x0000000080000000, 0x0000000100000000)
  region size 1024K, 4 young (4096K), 4 survivors (4096K)
 Metaspace       used 3944K, committed 4096K, reserved 491520K
  class space    used 476K, committed 576K, reserved 425984K
}
Event: 2.576 GC heap before
{Heap before GC invocations=2 (full 0):
 garbage-first heap   total 196608K, used 115594K [0x0000000080000000, 0x0000000100000000)
  region size 1024K, 104 young (106496K), 4 survivors (4096K)
 Metaspace       used 21210K, committed 21504K, reserved 491520K
  class space    used 3153K, committed 3264K, reserved 425984K
}
Event: 2.584 GC heap after
{Heap after GC invocations=3 (full 0):
 garbage-first heap   total 196608K, used 21979K [0x0000000080000000, 0x0000000100000000)
  region size 1024K, 12 young (12288K), 12 survivors (12288K)
 Metaspace       used 21210K, committed 21504K, reserved 491520K
  class space    used 3153K, committed 3264K, reserved 425984K
}
Event: 3.159 GC heap before
{Heap before GC invocations=4 (full 0):
 garbage-first heap   total 78848K, used 56795K [0x0000000080000000, 0x0000000100000000)
  region size 1024K, 46 young (47104K), 12 survivors (12288K)
 Metaspace       used 28630K, committed 28928K, reserved 491520K
  class space    used 4028K, committed 4160K, reserved 425984K
}
Event: 3.168 GC heap after
{Heap after GC invocations=5 (full 0):
 garbage-first heap   total 78848K, used 26321K [0x0000000080000000, 0x0000000100000000)
  region size 1024K, 5 young (5120K), 5 survivors (5120K)
 Metaspace       used 28630K, committed 28928K, reserved 491520K
  class space    used 4028K, committed 4160K, reserved 425984K
}
Event: 3.173 GC heap before
{Heap before GC invocations=5 (full 0):
 garbage-first heap   total 78848K, used 27345K [0x0000000080000000, 0x0000000100000000)
  region size 1024K, 6 young (6144K), 5 survivors (5120K)
 Metaspace       used 28641K, committed 28928K, reserved 491520K
  class space    used 4028K, committed 4160K, reserved 425984K
}
Event: 3.176 GC heap after
{Heap after GC invocations=6 (full 0):
 garbage-first heap   total 78848K, used 25885K [0x0000000080000000, 0x0000000100000000)
  region size 1024K, 1 young (1024K), 1 survivors (1024K)
 Metaspace       used 28641K, committed 28928K, reserved 491520K
  class space    used 4028K, committed 4160K, reserved 425984K
}
Event: 3.453 GC heap before
{Heap before GC invocations=6 (full 0):
 garbage-first heap   total 78848K, used 57629K [0x0000000080000000, 0x0000000100000000)
  region size 1024K, 30 young (30720K), 1 survivors (1024K)
 Metaspace       used 31309K, committed 31680K, reserved 491520K
  class space    used 4317K, committed 4480K, reserved 425984K
}
Event: 3.456 GC heap after
{Heap after GC invocations=7 (full 0):
 garbage-first heap   total 78848K, used 28941K [0x0000000080000000, 0x0000000100000000)
  region size 1024K, 4 young (4096K), 4 survivors (4096K)
 Metaspace       used 31309K, committed 31680K, reserved 491520K
  class space    used 4317K, committed 4480K, reserved 425984K
}
Event: 8.495 GC heap before
{Heap before GC invocations=7 (full 0):
 garbage-first heap   total 78848K, used 56589K [0x0000000080000000, 0x0000000100000000)
  region size 1024K, 31 young (31744K), 4 survivors (4096K)
 Metaspace       used 32350K, committed 32832K, reserved 491520K
  class space    used 4455K, committed 4672K, reserved 425984K
}
Event: 8.500 GC heap after
{Heap after GC invocations=8 (full 0):
 garbage-first heap   total 78848K, used 32076K [0x0000000080000000, 0x0000000100000000)
  region size 1024K, 4 young (4096K), 4 survivors (4096K)
 Metaspace       used 32350K, committed 32832K, reserved 491520K
  class space    used 4455K, committed 4672K, reserved 425984K
}
Event: 8.732 GC heap before
{Heap before GC invocations=8 (full 0):
 garbage-first heap   total 78848K, used 57676K [0x0000000080000000, 0x0000000100000000)
  region size 1024K, 29 young (29696K), 4 survivors (4096K)
 Metaspace       used 33885K, committed 34432K, reserved 491520K
  class space    used 4678K, committed 4928K, reserved 425984K
}
Event: 8.735 GC heap after
{Heap after GC invocations=9 (full 0):
 garbage-first heap   total 78848K, used 33595K [0x0000000080000000, 0x0000000100000000)
  region size 1024K, 2 young (2048K), 2 survivors (2048K)
 Metaspace       used 33885K, committed 34432K, reserved 491520K
  class space    used 4678K, committed 4928K, reserved 425984K
}
Event: 8.875 GC heap before
{Heap before GC invocations=9 (full 0):
 garbage-first heap   total 78848K, used 43835K [0x0000000080000000, 0x0000000100000000)
  region size 1024K, 13 young (13312K), 2 survivors (2048K)
 Metaspace       used 35538K, committed 35968K, reserved 491520K
  class space    used 4857K, committed 5056K, reserved 425984K
}
Event: 8.877 GC heap after
{Heap after GC invocations=10 (full 0):
 garbage-first heap   total 157696K, used 34474K [0x0000000080000000, 0x0000000100000000)
  region size 1024K, 3 young (3072K), 3 survivors (3072K)
 Metaspace       used 35538K, committed 35968K, reserved 491520K
  class space    used 4857K, committed 5056K, reserved 425984K
}
Event: 9.817 GC heap before
{Heap before GC invocations=11 (full 0):
 garbage-first heap   total 126976K, used 105130K [0x0000000080000000, 0x0000000100000000)
  region size 1024K, 71 young (72704K), 3 survivors (3072K)
 Metaspace       used 42277K, committed 42816K, reserved 491520K
  class space    used 5905K, committed 6144K, reserved 425984K
}
Event: 9.822 GC heap after
{Heap after GC invocations=12 (full 0):
 garbage-first heap   total 126976K, used 42247K [0x0000000080000000, 0x0000000100000000)
  region size 1024K, 8 young (8192K), 8 survivors (8192K)
 Metaspace       used 42277K, committed 42816K, reserved 491520K
  class space    used 5905K, committed 6144K, reserved 425984K
}
Event: 10.522 GC heap before
{Heap before GC invocations=12 (full 0):
 garbage-first heap   total 126976K, used 95495K [0x0000000080000000, 0x0000000100000000)
  region size 1024K, 56 young (57344K), 8 survivors (8192K)
 Metaspace       used 48434K, committed 49024K, reserved 491520K
  class space    used 6766K, committed 7040K, reserved 425984K
}
Event: 10.529 GC heap after
{Heap after GC invocations=13 (full 0):
 garbage-first heap   total 126976K, used 50785K [0x0000000080000000, 0x0000000100000000)
  region size 1024K, 5 young (5120K), 5 survivors (5120K)
 Metaspace       used 48434K, committed 49024K, reserved 491520K
  class space    used 6766K, committed 7040K, reserved 425984K
}

